[Mon 04/20/2026  9:09:43.47] Starting premarket.py 
[premarket] market_date=2026-04-17

=== [ApeWisdom] Fetch daily top100 ===
[apewisdom] GET https://apewisdom.io/api/v1.0/filter/all-stocks
[apewisdom] saved raw JSON: data\reddit\2026-04-20\apewisdom_raw.json
[apewisdom] saved clean CSV: data\reddit\2026-04-20\apewisdom_top100.csv
[apewisdom] rows in CSV: 100

=== [ApeWisdom] Update dynamic ticker state ===
[wisdomprocess] saved rolling state: data\reddit\ticker_state.csv
[wisdomprocess] updated ticker config: data\config\tickers.json
[wisdomprocess] today_hot=40 today_candidates=49 active_hot=45 active_candidates=78
[premarket] ticker universe size=59

=== [Equity] Updating prices ===
[noop] SPY: up to date (latest=2026-04-17)
[noop] QQQ: up to date (latest=2026-04-17)
[noop] GLD: up to date (latest=2026-04-17)
[noop] USO: up to date (latest=2026-04-17)
[noop] TLT: up to date (latest=2026-04-17)
[noop] LQD: up to date (latest=2026-04-17)
[noop] HYG: up to date (latest=2026-04-17)
[noop] UUP: up to date (latest=2026-04-17)
[noop] IBIT: up to date (latest=2026-04-17)
[noop] SMH: up to date (latest=2026-04-17)
[noop] XLF: up to date (latest=2026-04-17)
[noop] XLE: up to date (latest=2026-04-17)
[noop] VXX: up to date (latest=2026-04-17)
[noop] AACI: up to date (latest=2026-04-17)
[noop] ASTS: up to date (latest=2026-04-17)
[noop] MSFT: up to date (latest=2026-04-17)
[noop] RKLB: up to date (latest=2026-04-17)
[noop] TSLA: up to date (latest=2026-04-17)
[noop] JD: up to date (latest=2026-04-17)
[noop] NVDA: up to date (latest=2026-04-17)
[noop] MSTR: up to date (latest=2026-04-17)
[noop] AM: up to date (latest=2026-04-17)
[noop] DTE: up to date (latest=2026-04-17)
[init-ok] MRVL: wrote 499 rows [2024-01-01..2026-04-17]
[noop] AMD: up to date (latest=2026-04-17)
[noop] NFLX: up to date (latest=2026-04-17)
[init-ok] BB: wrote 499 rows [2024-01-01..2026-04-17]
[noop] AMZN: up to date (latest=2026-04-17)
[noop] CMPS: up to date (latest=2026-04-17)
[noop] SNDK: up to date (latest=2026-04-17)
[init-ok] HELP: wrote 72 rows [2024-01-01..2026-04-17]
[noop] VOO: up to date (latest=2026-04-17)
[ok] LUNR: appended 8 rows [2026-04-08..2026-04-17]
[init-ok] COHR: wrote 499 rows [2024-01-01..2026-04-17]
[noop] UAE: up to date (latest=2026-04-17)
[noop] ATAI: up to date (latest=2026-04-17)
[init-ok] CC: wrote 499 rows [2024-01-01..2026-04-17]
[noop] RDDT: up to date (latest=2026-04-17)
[noop] ES: up to date (latest=2026-04-17)
[noop] IBKR: up to date (latest=2026-04-17)
[init-ok] GO: wrote 499 rows [2024-01-01..2026-04-17]
[init-ok] BBC: wrote 499 rows [2024-01-01..2026-04-17]
[noop] INTC: up to date (latest=2026-04-17)
[init-ok] ORCL: wrote 499 rows [2024-01-01..2026-04-17]
[noop] PLTR: up to date (latest=2026-04-17)
[noop] SQQQ: up to date (latest=2026-04-17)
[init-ok] AS: wrote 499 rows [2024-01-01..2026-04-17]
[noop] DFTX: up to date (latest=2026-04-17)
[noop] AAPL: up to date (latest=2026-04-17)
[noop] MU: up to date (latest=2026-04-17)
[init-ok] NOW: wrote 499 rows [2024-01-01..2026-04-17]
[noop] META: up to date (latest=2026-04-17)
[init-ok] PR: wrote 499 rows [2024-01-01..2026-04-17]
[noop] EU: up to date (latest=2026-04-17)
[noop] JPM: up to date (latest=2026-04-17)
[noop] JUST: up to date (latest=2026-04-17)
[noop] MS: up to date (latest=2026-04-17)
[noop] SF: up to date (latest=2026-04-17)
[noop] VICR: up to date (latest=2026-04-17)
MRVL: init (+499)
BB: init (+499)
HELP: init (+72)
LUNR: update (+8)
COHR: init (+499)
CC: init (+499)
GO: init (+499)
BBC: init (+499)
ORCL: init (+499)
AS: init (+499)
NOW: init (+499)
PR: init (+499)

=== [Equity] Generating macro summary ===

=== [Equity] Generating report ===

=== [Options] Updating IV series ===
[iv-ok] SPY: appended 0 rows [2026-04-18..2026-04-20]

=== [Rate-limit pause] waiting 60s before next fetch ===
  ...60s remaining
  ...50s remaining
  ...40s remaining
  ...30s remaining
  ...20s remaining
  ...10s remaining
  ...resuming
[iv-ok] QQQ: appended 0 rows [2026-04-18..2026-04-20]

=== [Rate-limit pause] waiting 60s before next fetch ===
  ...60s remaining
  ...50s remaining
  ...40s remaining
  ...30s remaining
  ...20s remaining
  ...10s remaining
  ...resuming
[iv-ok] GLD: appended 0 rows [2026-04-18..2026-04-20]

=== [Rate-limit pause] waiting 60s before next fetch ===
  ...60s remaining
  ...50s remaining
  ...40s remaining
  ...30s remaining
  ...20s remaining
  ...10s remaining
  ...resuming
[iv-ok] USO: appended 0 rows [2026-04-18..2026-04-20]

=== [Rate-limit pause] waiting 60s before next fetch ===
  ...60s remaining
  ...50s remaining
  ...40s remaining
  ...30s remaining
  ...20s remaining
  ...10s remaining
  ...resuming
[iv-ok] TLT: appended 0 rows [2026-04-18..2026-04-20]

=== [Rate-limit pause] waiting 60s before next fetch ===
  ...60s remaining
  ...50s remaining
  ...40s remaining
  ...30s remaining
  ...20s remaining
  ...10s remaining
  ...resuming
[iv-ok] LQD: appended 0 rows [2026-04-18..2026-04-20]

=== [Rate-limit pause] waiting 60s before next fetch ===
  ...60s remaining
  ...50s remaining
  ...40s remaining
  ...30s remaining
  ...20s remaining
  ...10s remaining
  ...resuming
[iv-ok] HYG: appended 0 rows [2026-04-18..2026-04-20]

=== [Rate-limit pause] waiting 60s before next fetch ===
  ...60s remaining
  ...50s remaining
  ...40s remaining
  ...30s remaining
  ...20s remaining
  ...10s remaining
  ...resuming
[iv-ok] UUP: appended 0 rows [2026-04-18..2026-04-20]

=== [Rate-limit pause] waiting 60s before next fetch ===
  ...60s remaining
  ...50s remaining
  ...40s remaining
  ...30s remaining
  ...20s remaining
  ...10s remaining
  ...resuming
[iv-ok] IBIT: appended 0 rows [2026-04-18..2026-04-20]

=== [Rate-limit pause] waiting 60s before next fetch ===
  ...60s remaining
  ...50s remaining
  ...40s remaining
  ...30s remaining
  ...20s remaining
  ...10s remaining
  ...resuming
[iv-ok] SMH: appended 1 rows [2026-04-17..2026-04-20]

=== [Rate-limit pause] waiting 60s before next fetch ===
  ...60s remaining
  ...50s remaining
  ...40s remaining
  ...30s remaining
  ...20s remaining
  ...10s remaining
  ...resuming
[iv-ok] XLF: appended 0 rows [2026-04-18..2026-04-20]

=== [Rate-limit pause] waiting 60s before next fetch ===
  ...60s remaining
  ...50s remaining
  ...40s remaining
  ...30s remaining
  ...20s remaining
  ...10s remaining
  ...resuming
[iv-ok] XLE: appended 0 rows [2026-04-18..2026-04-20]

=== [Rate-limit pause] waiting 60s before next fetch ===
  ...60s remaining
  ...50s remaining
  ...40s remaining
  ...30s remaining
  ...20s remaining
  ...10s remaining
  ...resuming
[iv-ok] VXX: appended 0 rows [2026-04-18..2026-04-20]
SMH: update (+1)

=== [Options] Generating report ===
[options-report] saved to options_summary_20260420.csv

=== [News] Fetching GDELT headlines ===
[gdelt] GET https://api.gdeltproject.org/api/v2/doc/doc lookback_hours=1 limit=20 start=20260420122627 end=20260420132627
[News] fetch failed and no cache available: GDELT request failed: 429 Client Error: Too Many Requests for url: https://api.gdeltproject.org/api/v2/doc/doc?query=%2A&mode=ArtList&format=json&maxrecords=20&sort=DateDesc&startdatetime=20260420122627&enddatetime=20260420132627

[premarket] done — 4 artifacts in C:\Users\senio\OneDrive\Desktop\repos\market_watch\data\reports\2026-04-20\premarket\txt
  apewisdom_ticker_state_20260420_0909.txt
  equity_flags_20260420_0914.txt
  news_top15_20260420_0926.txt
  options_flags_20260420_0926.txt
[Mon 04/20/2026  9:26:28.19] premarket.py finished with exit code 0 
